2025-11-02 13:39:26,067 INFO o.a.j.u.JMeterUtils: Setting Locale to en_EN
2025-11-02 13:39:26,075 INFO o.a.j.JMeter: Loading user properties from: D:\tools\apache-jmeter-5.6.3\bin\user.properties
2025-11-02 13:39:26,075 INFO o.a.j.JMeter: Loading system properties from: D:\tools\apache-jmeter-5.6.3\bin\system.properties
2025-11-02 13:39:26,082 INFO o.a.j.JMeter: Copyright (c) 1998-2024 The Apache Software Foundation
2025-11-02 13:39:26,082 INFO o.a.j.JMeter: Version 5.6.3
2025-11-02 13:39:26,082 INFO o.a.j.JMeter: java.version=25
2025-11-02 13:39:26,082 INFO o.a.j.JMeter: java.vm.name=OpenJDK 64-Bit Server VM
2025-11-02 13:39:26,082 INFO o.a.j.JMeter: os.name=Windows 11
2025-11-02 13:39:26,082 INFO o.a.j.JMeter: os.arch=amd64
2025-11-02 13:39:26,083 INFO o.a.j.JMeter: os.version=10.0
2025-11-02 13:39:26,083 INFO o.a.j.JMeter: file.encoding=UTF-8
2025-11-02 13:39:26,083 INFO o.a.j.JMeter: java.awt.headless=null
2025-11-02 13:39:26,083 INFO o.a.j.JMeter: Max memory     =1073741824
2025-11-02 13:39:26,083 INFO o.a.j.JMeter: Available Processors =32
2025-11-02 13:39:26,090 INFO o.a.j.JMeter: Default Locale=English (EN)
2025-11-02 13:39:26,091 INFO o.a.j.JMeter: JMeter  Locale=English (EN)
2025-11-02 13:39:26,091 INFO o.a.j.JMeter: JMeterHome=D:\tools\apache-jmeter-5.6.3
2025-11-02 13:39:26,091 INFO o.a.j.JMeter: user.dir  =E:\LocalDev\vm\project\jar\jmeter
2025-11-02 13:39:26,091 INFO o.a.j.JMeter: PWD       =E:\LocalDev\vm\project\jar\jmeter
2025-11-02 13:39:26,092 INFO o.a.j.JMeter: IP: 192.168.10.102 Name: GAME-COMPUTER FullName: GAME-COMPUTER
2025-11-02 13:39:26,097 INFO o.a.j.JMeter: Loaded icon properties from org/apache/jmeter/images/icon.properties
2025-11-02 13:39:26,178 INFO o.a.j.JMeterGuiLauncher: Setting LAF to: com.github.weisj.darklaf.DarkLaf:com.github.weisj.darklaf.theme.DarculaTheme
2025-11-02 13:39:31,784 INFO o.a.j.s.FileServer: Default base='E:\LocalDev\vm\project\jar\jmeter'
2025-11-02 13:39:31,786 INFO o.a.j.g.a.Load: Loading file: E:\LocalDev\vm\project\jar\jmeter\ThreadTest01.jmx
2025-11-02 13:39:31,786 INFO o.a.j.s.FileServer: Set new base='E:\LocalDev\vm\project\jar\jmeter'
2025-11-02 13:39:31,928 INFO o.a.j.s.SaveService: Testplan (JMX) version: 2.2. Testlog (JTL) version: 2.2
2025-11-02 13:39:31,937 INFO o.a.j.s.SaveService: Using SaveService properties version 5.0
2025-11-02 13:39:31,938 INFO o.a.j.s.SaveService: Using SaveService properties file encoding UTF-8
2025-11-02 13:39:31,940 INFO o.a.j.s.SaveService: Loading file: E:\LocalDev\vm\project\jar\jmeter\ThreadTest01.jmx
2025-11-02 13:39:31,950 INFO o.a.j.p.h.s.HTTPSamplerBase: Parser for text/html is org.apache.jmeter.protocol.http.parser.LagartoBasedHtmlParser
2025-11-02 13:39:31,951 INFO o.a.j.p.h.s.HTTPSamplerBase: Parser for application/xhtml+xml is org.apache.jmeter.protocol.http.parser.LagartoBasedHtmlParser
2025-11-02 13:39:31,951 INFO o.a.j.p.h.s.HTTPSamplerBase: Parser for application/xml is org.apache.jmeter.protocol.http.parser.LagartoBasedHtmlParser
2025-11-02 13:39:31,951 INFO o.a.j.p.h.s.HTTPSamplerBase: Parser for text/xml is org.apache.jmeter.protocol.http.parser.LagartoBasedHtmlParser
2025-11-02 13:39:31,951 INFO o.a.j.p.h.s.HTTPSamplerBase: Parser for text/vnd.wap.wml is org.apache.jmeter.protocol.http.parser.RegexpHTMLParser
2025-11-02 13:39:31,951 INFO o.a.j.p.h.s.HTTPSamplerBase: Parser for text/css is org.apache.jmeter.protocol.http.parser.CssParser
2025-11-02 13:39:32,020 INFO o.a.j.s.FileServer: Set new base='E:\LocalDev\vm\project\jar\jmeter'
